<?xml version="1.0" encoding="UTF-8"?>
<testsuite xmlns:xsi="http://www.w3.org/2001/XMLSchema-instance" xsi:noNamespaceSchemaLocation="https://maven.apache.org/surefire/maven-surefire-plugin/xsd/surefire-test-report.xsd" version="3.0.2" name="com.example.demo.PingControllerTest" time="0.697" tests="1" errors="0" skipped="0" failures="0" flakes="0">
  <properties>
[...]
</properties>
  <testcase name="returnsHealthyResponse" classname="com.example.demo.PingControllerTest" time="0.125">
    <system-out><![CDATA[21:24:51.390 [main] INFO org.springframework.mock.web.MockServletContext -- Initializing Spring TestDispatcherServlet ''
21:24:51.392 [main] INFO org.springframework.test.web.servlet.TestDispatcherServlet -- Initializing Servlet ''
21:24:51.395 [main] INFO org.springframework.test.web.servlet.TestDispatcherServlet -- Completed initialization in 2 ms
]]></system-out>
  </testcase>
</testsuite>